The system is: Linux - 5.15.11-1.el7.elrepo.x86_64 - x86_64
Compiling the C compiler identification source file "CMakeCCompilerId.c" succeeded.
Compiler: /opt/rh/devtoolset-11/root/usr/bin/cc 
Build flags: 
Id flags:  

The output was:
0


Compilation of the C compiler identification source "CMakeCCompilerId.c" produced "a.out"

The C compiler identification is GNU, found in "/home-local/student/SpaceShooter/CMakeFiles/3.17.5/CompilerIdC/a.out"

Compiling the CXX compiler identification source file "CMakeCXXCompilerId.cpp" succeeded.
Compiler: /opt/rh/devtoolset-11/root/usr/bin/c++ 
Build flags: 
Id flags:  

The output was:
0


Compilation of the CXX compiler identification source "CMakeCXXCompilerId.cpp" produced "a.out"

The CXX compiler identification is GNU, found in "/home-local/student/SpaceShooter/CMakeFiles/3.17.5/CompilerIdCXX/a.out"

Determining if the C compiler works passed with the following output:
Change Dir: /home-local/student/SpaceShooter/CMakeFiles/CMakeTmp

Run Build Command(s):/opt/rh/devtoolset-11/root/usr/bin/gmake cmTC_58b07/fast && /opt/rh/devtoolset-11/root/usr/bin/gmake  -f CMakeFiles/cmTC_58b07.dir/build.make CMakeFiles/cmTC_58b07.dir/build
gmake[1]: Entering directory '/home-local/student/SpaceShooter/CMakeFiles/CMakeTmp'
Building C object CMakeFiles/cmTC_58b07.dir/testCCompiler.c.o
/opt/rh/devtoolset-11/root/usr/bin/cc    -o CMakeFiles/cmTC_58b07.dir/testCCompiler.c.o   -c /home-local/student/SpaceShooter/CMakeFiles/CMakeTmp/testCCompiler.c
Linking C executable cmTC_58b07
/usr/bin/cmake3 -E cmake_link_script CMakeFiles/cmTC_58b07.dir/link.txt --verbose=1
/opt/rh/devtoolset-11/root/usr/bin/cc      -rdynamic CMakeFiles/cmTC_58b07.dir/testCCompiler.c.o  -o cmTC_58b07 
gmake[1]: Leaving directory '/home-local/student/SpaceShooter/CMakeFiles/CMakeTmp'



Detecting C compiler ABI info compiled with the following output:
Change Dir: /home-local/student/SpaceShooter/CMakeFiles/CMakeTmp

Run Build Command(s):/opt/rh/devtoolset-11/root/usr/bin/gmake cmTC_ead87/fast && /opt/rh/devtoolset-11/root/usr/bin/gmake  -f CMakeFiles/cmTC_ead87.dir/build.make CMakeFiles/cmTC_ead87.dir/build
gmake[1]: Entering directory '/home-local/student/SpaceShooter/CMakeFiles/CMakeTmp'
Building C object CMakeFiles/cmTC_ead87.dir/CMakeCCompilerABI.c.o
/opt/rh/devtoolset-11/root/usr/bin/cc   -v -o CMakeFiles/cmTC_ead87.dir/CMakeCCompilerABI.c.o   -c /usr/share/cmake3/Modules/CMakeCCompilerABI.c
Using built-in specs.
COLLECT_GCC=/opt/rh/devtoolset-11/root/usr/bin/cc
Target: x86_64-redhat-linux
Configured with: ../configure --enable-bootstrap --enable-languages=c,c++,fortran,lto --prefix=/opt/rh/devtoolset-11/root/usr --mandir=/opt/rh/devtoolset-11/root/usr/share/man --infodir=/opt/rh/devtoolset-11/root/usr/share/info --with-bugurl=http://bugzilla.redhat.com/bugzilla --enable-shared --enable-threads=posix --enable-checking=release --enable-multilib --with-system-zlib --enable-__cxa_atexit --disable-libunwind-exceptions --enable-gnu-unique-object --enable-linker-build-id --with-gcc-major-version-only --with-linker-hash-style=gnu --with-default-libstdcxx-abi=gcc4-compatible --enable-plugin --enable-initfini-array --with-isl=/builddir/build/BUILD/gcc-11.2.1-20210728/obj-x86_64-redhat-linux/isl-install --enable-gnu-indirect-function --with-tune=generic --with-arch_32=x86-64 --build=x86_64-redhat-linux
Thread model: posix
Supported LTO compression algorithms: zlib
gcc version 11.2.1 20210728 (Red Hat 11.2.1-1) (GCC) 
COLLECT_GCC_OPTIONS='-v' '-o' 'CMakeFiles/cmTC_ead87.dir/CMakeCCompilerABI.c.o' '-c' '-mtune=generic' '-march=x86-64' '-dumpdir' 'CMakeFiles/cmTC_ead87.dir/'
 /opt/rh/devtoolset-11/root/usr/libexec/gcc/x86_64-redhat-linux/11/cc1 -quiet -v /usr/share/cmake3/Modules/CMakeCCompilerABI.c -quiet -dumpdir CMakeFiles/cmTC_ead87.dir/ -dumpbase CMakeCCompilerABI.c.c -dumpbase-ext .c -mtune=generic -march=x86-64 -version -o /tmp/ccQycAQk.s
GNU C17 (GCC) version 11.2.1 20210728 (Red Hat 11.2.1-1) (x86_64-redhat-linux)
	compiled by GNU C version 11.2.1 20210728 (Red Hat 11.2.1-1), GMP version 6.0.0, MPFR version 3.1.1, MPC version 1.0.1, isl version isl-0.18-GMP

GGC heuristics: --param ggc-min-expand=100 --param ggc-min-heapsize=131072
ignoring nonexistent directory "/opt/rh/devtoolset-11/root/usr/lib/gcc/x86_64-redhat-linux/11/include-fixed"
ignoring nonexistent directory "/opt/rh/devtoolset-11/root/usr/lib/gcc/x86_64-redhat-linux/11/../../../../x86_64-redhat-linux/include"
#include "..." search starts here:
#include <...> search starts here:
 /opt/rh/devtoolset-11/root/usr/lib/gcc/x86_64-redhat-linux/11/include
 /usr/local/include
 /opt/rh/devtoolset-11/root/usr/include
 /usr/include
End of search list.
GNU C17 (GCC) version 11.2.1 20210728 (Red Hat 11.2.1-1) (x86_64-redhat-linux)
	compiled by GNU C version 11.2.1 20210728 (Red Hat 11.2.1-1), GMP version 6.0.0, MPFR version 3.1.1, MPC version 1.0.1, isl version isl-0.18-GMP

GGC heuristics: --param ggc-min-expand=100 --param ggc-min-heapsize=131072
Compiler executable checksum: 09cf43a4570b4592d580e49b879e3793
COLLECT_GCC_OPTIONS='-v' '-o' 'CMakeFiles/cmTC_ead87.dir/CMakeCCompilerABI.c.o' '-c' '-mtune=generic' '-march=x86-64' '-dumpdir' 'CMakeFiles/cmTC_ead87.dir/'
 /opt/rh/devtoolset-11/root/usr/libexec/gcc/x86_64-redhat-linux/11/as -v --64 -o CMakeFiles/cmTC_ead87.dir/CMakeCCompilerABI.c.o /tmp/ccQycAQk.s
GNU assembler version 2.36.1 (x86_64-redhat-linux) using BFD version version 2.36.1-1.el7.1
COMPILER_PATH=/opt/rh/devtoolset-11/root/usr/libexec/gcc/x86_64-redhat-linux/11/:/opt/rh/devtoolset-11/root/usr/libexec/gcc/x86_64-redhat-linux/11/:/opt/rh/devtoolset-11/root/usr/libexec/gcc/x86_64-redhat-linux/:/opt/rh/devtoolset-11/root/usr/lib/gcc/x86_64-redhat-linux/11/:/opt/rh/devtoolset-11/root/usr/lib/gcc/x86_64-redhat-linux/
LIBRARY_PATH=/opt/rh/devtoolset-11/root/usr/lib/gcc/x86_64-redhat-linux/11/:/opt/rh/devtoolset-11/root/usr/lib/gcc/x86_64-redhat-linux/11/../../../../lib64/:/lib/../lib64/:/usr/lib/../lib64/:/opt/rh/devtoolset-11/root/usr/lib/gcc/x86_64-redhat-linux/11/../../../:/lib/:/usr/lib/
COLLECT_GCC_OPTIONS='-v' '-o' 'CMakeFiles/cmTC_ead87.dir/CMakeCCompilerABI.c.o' '-c' '-mtune=generic' '-march=x86-64' '-dumpdir' 'CMakeFiles/cmTC_ead87.dir/CMakeCCompilerABI.c.'
Linking C executable cmTC_ead87
/usr/bin/cmake3 -E cmake_link_script CMakeFiles/cmTC_ead87.dir/link.txt --verbose=1
/opt/rh/devtoolset-11/root/usr/bin/cc     -v -rdynamic CMakeFiles/cmTC_ead87.dir/CMakeCCompilerABI.c.o  -o cmTC_ead87 
Using built-in specs.
COLLECT_GCC=/opt/rh/devtoolset-11/root/usr/bin/cc
COLLECT_LTO_WRAPPER=/opt/rh/devtoolset-11/root/usr/libexec/gcc/x86_64-redhat-linux/11/lto-wrapper
Target: x86_64-redhat-linux
Configured with: ../configure --enable-bootstrap --enable-languages=c,c++,fortran,lto --prefix=/opt/rh/devtoolset-11/root/usr --mandir=/opt/rh/devtoolset-11/root/usr/share/man --infodir=/opt/rh/devtoolset-11/root/usr/share/info --with-bugurl=http://bugzilla.redhat.com/bugzilla --enable-shared --enable-threads=posix --enable-checking=release --enable-multilib --with-system-zlib --enable-__cxa_atexit --disable-libunwind-exceptions --enable-gnu-unique-object --enable-linker-build-id --with-gcc-major-version-only --with-linker-hash-style=gnu --with-default-libstdcxx-abi=gcc4-compatible --enable-plugin --enable-initfini-array --with-isl=/builddir/build/BUILD/gcc-11.2.1-20210728/obj-x86_64-redhat-linux/isl-install --enable-gnu-indirect-function --with-tune=generic --with-arch_32=x86-64 --build=x86_64-redhat-linux
Thread model: posix
Supported LTO compression algorithms: zlib
gcc version 11.2.1 20210728 (Red Hat 11.2.1-1) (GCC) 
COMPILER_PATH=/opt/rh/devtoolset-11/root/usr/libexec/gcc/x86_64-redhat-linux/11/:/opt/rh/devtoolset-11/root/usr/libexec/gcc/x86_64-redhat-linux/11/:/opt/rh/devtoolset-11/root/usr/libexec/gcc/x86_64-redhat-linux/:/opt/rh/devtoolset-11/root/usr/lib/gcc/x86_64-redhat-linux/11/:/opt/rh/devtoolset-11/root/usr/lib/gcc/x86_64-redhat-linux/
LIBRARY_PATH=/opt/rh/devtoolset-11/root/usr/lib/gcc/x86_64-redhat-linux/11/:/opt/rh/devtoolset-11/root/usr/lib/gcc/x86_64-redhat-linux/11/../../../../lib64/:/lib/../lib64/:/usr/lib/../lib64/:/opt/rh/devtoolset-11/root/usr/lib/gcc/x86_64-redhat-linux/11/../../../:/lib/:/usr/lib/
COLLECT_GCC_OPTIONS='-v' '-rdynamic' '-o' 'cmTC_ead87' '-mtune=generic' '-march=x86-64' '-dumpdir' 'cmTC_ead87.'
 /opt/rh/devtoolset-11/root/usr/libexec/gcc/x86_64-redhat-linux/11/collect2 -plugin /opt/rh/devtoolset-11/root/usr/libexec/gcc/x86_64-redhat-linux/11/liblto_plugin.so -plugin-opt=/opt/rh/devtoolset-11/root/usr/libexec/gcc/x86_64-redhat-linux/11/lto-wrapper -plugin-opt=-fresolution=/tmp/ccKiClNm.res -plugin-opt=-pass-through=-lgcc -plugin-opt=-pass-through=-lgcc_s -plugin-opt=-pass-through=-lc -plugin-opt=-pass-through=-lgcc -plugin-opt=-pass-through=-lgcc_s --build-id --no-add-needed --eh-frame-hdr --hash-style=gnu -m elf_x86_64 -export-dynamic -dynamic-linker /lib64/ld-linux-x86-64.so.2 -o cmTC_ead87 /lib/../lib64/crt1.o /lib/../lib64/crti.o /opt/rh/devtoolset-11/root/usr/lib/gcc/x86_64-redhat-linux/11/crtbegin.o -L/opt/rh/devtoolset-11/root/usr/lib/gcc/x86_64-redhat-linux/11 -L/opt/rh/devtoolset-11/root/usr/lib/gcc/x86_64-redhat-linux/11/../../../../lib64 -L/lib/../lib64 -L/usr/lib/../lib64 -L/opt/rh/devtoolset-11/root/usr/lib/gcc/x86_64-redhat-linux/11/../../.. CMakeFiles/cmTC_ead87.dir/CMakeCCompilerABI.c.o -lgcc --push-state --as-needed -lgcc_s --pop-state -lc -lgcc --push-state --as-needed -lgcc_s --pop-state /opt/rh/devtoolset-11/root/usr/lib/gcc/x86_64-redhat-linux/11/crtend.o /lib/../lib64/crtn.o
COLLECT_GCC_OPTIONS='-v' '-rdynamic' '-o' 'cmTC_ead87' '-mtune=generic' '-march=x86-64' '-dumpdir' 'cmTC_ead87.'
gmake[1]: Leaving directory '/home-local/student/SpaceShooter/CMakeFiles/CMakeTmp'



Parsed C implicit include dir info from above output: rv=done
  found start of include info
  found start of implicit include info
    add: [/opt/rh/devtoolset-11/root/usr/lib/gcc/x86_64-redhat-linux/11/include]
    add: [/usr/local/include]
    add: [/opt/rh/devtoolset-11/root/usr/include]
    add: [/usr/include]
  end of search list found
  collapse include dir [/opt/rh/devtoolset-11/root/usr/lib/gcc/x86_64-redhat-linux/11/include] ==> [/opt/rh/devtoolset-11/root/usr/lib/gcc/x86_64-redhat-linux/11/include]
  collapse include dir [/usr/local/include] ==> [/usr/local/include]
  collapse include dir [/opt/rh/devtoolset-11/root/usr/include] ==> [/opt/rh/devtoolset-11/root/usr/include]
  collapse include dir [/usr/include] ==> [/usr/include]
  implicit include dirs: [/opt/rh/devtoolset-11/root/usr/lib/gcc/x86_64-redhat-linux/11/include;/usr/local/include;/opt/rh/devtoolset-11/root/usr/include;/usr/include]


Parsed C implicit link information from above output:
  link line regex: [^( *|.*[/\])(ld|CMAKE_LINK_STARTFILE-NOTFOUND|([^/\]+-)?ld|collect2)[^/\]*( |$)]
  ignore line: [Change Dir: /home-local/student/SpaceShooter/CMakeFiles/CMakeTmp]
  ignore line: []
  ignore line: [Run Build Command(s):/opt/rh/devtoolset-11/root/usr/bin/gmake cmTC_ead87/fast && /opt/rh/devtoolset-11/root/usr/bin/gmake  -f CMakeFiles/cmTC_ead87.dir/build.make CMakeFiles/cmTC_ead87.dir/build]
  ignore line: [gmake[1]: Entering directory '/home-local/student/SpaceShooter/CMakeFiles/CMakeTmp']
  ignore line: [Building C object CMakeFiles/cmTC_ead87.dir/CMakeCCompilerABI.c.o]
  ignore line: [/opt/rh/devtoolset-11/root/usr/bin/cc   -v -o CMakeFiles/cmTC_ead87.dir/CMakeCCompilerABI.c.o   -c /usr/share/cmake3/Modules/CMakeCCompilerABI.c]
  ignore line: [Using built-in specs.]
  ignore line: [COLLECT_GCC=/opt/rh/devtoolset-11/root/usr/bin/cc]
  ignore line: [Target: x86_64-redhat-linux]
  ignore line: [Configured with: ../configure --enable-bootstrap --enable-languages=c c++ fortran lto --prefix=/opt/rh/devtoolset-11/root/usr --mandir=/opt/rh/devtoolset-11/root/usr/share/man --infodir=/opt/rh/devtoolset-11/root/usr/share/info --with-bugurl=http://bugzilla.redhat.com/bugzilla --enable-shared --enable-threads=posix --enable-checking=release --enable-multilib --with-system-zlib --enable-__cxa_atexit --disable-libunwind-exceptions --enable-gnu-unique-object --enable-linker-build-id --with-gcc-major-version-only --with-linker-hash-style=gnu --with-default-libstdcxx-abi=gcc4-compatible --enable-plugin --enable-initfini-array --with-isl=/builddir/build/BUILD/gcc-11.2.1-20210728/obj-x86_64-redhat-linux/isl-install --enable-gnu-indirect-function --with-tune=generic --with-arch_32=x86-64 --build=x86_64-redhat-linux]
  ignore line: [Thread model: posix]
  ignore line: [Supported LTO compression algorithms: zlib]
  ignore line: [gcc version 11.2.1 20210728 (Red Hat 11.2.1-1) (GCC) ]
  ignore line: [COLLECT_GCC_OPTIONS='-v' '-o' 'CMakeFiles/cmTC_ead87.dir/CMakeCCompilerABI.c.o' '-c' '-mtune=generic' '-march=x86-64' '-dumpdir' 'CMakeFiles/cmTC_ead87.dir/']
  ignore line: [ /opt/rh/devtoolset-11/root/usr/libexec/gcc/x86_64-redhat-linux/11/cc1 -quiet -v /usr/share/cmake3/Modules/CMakeCCompilerABI.c -quiet -dumpdir CMakeFiles/cmTC_ead87.dir/ -dumpbase CMakeCCompilerABI.c.c -dumpbase-ext .c -mtune=generic -march=x86-64 -version -o /tmp/ccQycAQk.s]
  ignore line: [GNU C17 (GCC) version 11.2.1 20210728 (Red Hat 11.2.1-1) (x86_64-redhat-linux)]
  ignore line: [	compiled by GNU C version 11.2.1 20210728 (Red Hat 11.2.1-1)  GMP version 6.0.0  MPFR version 3.1.1  MPC version 1.0.1  isl version isl-0.18-GMP]
  ignore line: []
  ignore line: [GGC heuristics: --param ggc-min-expand=100 --param ggc-min-heapsize=131072]
  ignore line: [ignoring nonexistent directory "/opt/rh/devtoolset-11/root/usr/lib/gcc/x86_64-redhat-linux/11/include-fixed"]
  ignore line: [ignoring nonexistent directory "/opt/rh/devtoolset-11/root/usr/lib/gcc/x86_64-redhat-linux/11/../../../../x86_64-redhat-linux/include"]
  ignore line: [#include "..." search starts here:]
  ignore line: [#include <...> search starts here:]
  ignore line: [ /opt/rh/devtoolset-11/root/usr/lib/gcc/x86_64-redhat-linux/11/include]
  ignore line: [ /usr/local/include]
  ignore line: [ /opt/rh/devtoolset-11/root/usr/include]
  ignore line: [ /usr/include]
  ignore line: [End of search list.]
  ignore line: [GNU C17 (GCC) version 11.2.1 20210728 (Red Hat 11.2.1-1) (x86_64-redhat-linux)]
  ignore line: [	compiled by GNU C version 11.2.1 20210728 (Red Hat 11.2.1-1)  GMP version 6.0.0  MPFR version 3.1.1  MPC version 1.0.1  isl version isl-0.18-GMP]
  ignore line: []
  ignore line: [GGC heuristics: --param ggc-min-expand=100 --param ggc-min-heapsize=131072]
  ignore line: [Compiler executable checksum: 09cf43a4570b4592d580e49b879e3793]
  ignore line: [COLLECT_GCC_OPTIONS='-v' '-o' 'CMakeFiles/cmTC_ead87.dir/CMakeCCompilerABI.c.o' '-c' '-mtune=generic' '-march=x86-64' '-dumpdir' 'CMakeFiles/cmTC_ead87.dir/']
  ignore line: [ /opt/rh/devtoolset-11/root/usr/libexec/gcc/x86_64-redhat-linux/11/as -v --64 -o CMakeFiles/cmTC_ead87.dir/CMakeCCompilerABI.c.o /tmp/ccQycAQk.s]
  ignore line: [GNU assembler version 2.36.1 (x86_64-redhat-linux) using BFD version version 2.36.1-1.el7.1]
  ignore line: [COMPILER_PATH=/opt/rh/devtoolset-11/root/usr/libexec/gcc/x86_64-redhat-linux/11/:/opt/rh/devtoolset-11/root/usr/libexec/gcc/x86_64-redhat-linux/11/:/opt/rh/devtoolset-11/root/usr/libexec/gcc/x86_64-redhat-linux/:/opt/rh/devtoolset-11/root/usr/lib/gcc/x86_64-redhat-linux/11/:/opt/rh/devtoolset-11/root/usr/lib/gcc/x86_64-redhat-linux/]
  ignore line: [LIBRARY_PATH=/opt/rh/devtoolset-11/root/usr/lib/gcc/x86_64-redhat-linux/11/:/opt/rh/devtoolset-11/root/usr/lib/gcc/x86_64-redhat-linux/11/../../../../lib64/:/lib/../lib64/:/usr/lib/../lib64/:/opt/rh/devtoolset-11/root/usr/lib/gcc/x86_64-redhat-linux/11/../../../:/lib/:/usr/lib/]
  ignore line: [COLLECT_GCC_OPTIONS='-v' '-o' 'CMakeFiles/cmTC_ead87.dir/CMakeCCompilerABI.c.o' '-c' '-mtune=generic' '-march=x86-64' '-dumpdir' 'CMakeFiles/cmTC_ead87.dir/CMakeCCompilerABI.c.']
  ignore line: [Linking C executable cmTC_ead87]
  ignore line: [/usr/bin/cmake3 -E cmake_link_script CMakeFiles/cmTC_ead87.dir/link.txt --verbose=1]
  ignore line: [/opt/rh/devtoolset-11/root/usr/bin/cc     -v -rdynamic CMakeFiles/cmTC_ead87.dir/CMakeCCompilerABI.c.o  -o cmTC_ead87 ]
  ignore line: [Using built-in specs.]
  ignore line: [COLLECT_GCC=/opt/rh/devtoolset-11/root/usr/bin/cc]
  ignore line: [COLLECT_LTO_WRAPPER=/opt/rh/devtoolset-11/root/usr/libexec/gcc/x86_64-redhat-linux/11/lto-wrapper]
  ignore line: [Target: x86_64-redhat-linux]
  ignore line: [Configured with: ../configure --enable-bootstrap --enable-languages=c c++ fortran lto --prefix=/opt/rh/devtoolset-11/root/usr --mandir=/opt/rh/devtoolset-11/root/usr/share/man --infodir=/opt/rh/devtoolset-11/root/usr/share/info --with-bugurl=http://bugzilla.redhat.com/bugzilla --enable-shared --enable-threads=posix --enable-checking=release --enable-multilib --with-system-zlib --enable-__cxa_atexit --disable-libunwind-exceptions --enable-gnu-unique-object --enable-linker-build-id --with-gcc-major-version-only --with-linker-hash-style=gnu --with-default-libstdcxx-abi=gcc4-compatible --enable-plugin --enable-initfini-array --with-isl=/builddir/build/BUILD/gcc-11.2.1-20210728/obj-x86_64-redhat-linux/isl-install --enable-gnu-indirect-function --with-tune=generic --with-arch_32=x86-64 --build=x86_64-redhat-linux]
  ignore line: [Thread model: posix]
  ignore line: [Supported LTO compression algorithms: zlib]
  ignore line: [gcc version 11.2.1 20210728 (Red Hat 11.2.1-1) (GCC) ]
  ignore line: [COMPILER_PATH=/opt/rh/devtoolset-11/root/usr/libexec/gcc/x86_64-redhat-linux/11/:/opt/rh/devtoolset-11/root/usr/libexec/gcc/x86_64-redhat-linux/11/:/opt/rh/devtoolset-11/root/usr/libexec/gcc/x86_64-redhat-linux/:/opt/rh/devtoolset-11/root/usr/lib/gcc/x86_64-redhat-linux/11/:/opt/rh/devtoolset-11/root/usr/lib/gcc/x86_64-redhat-linux/]
  ignore line: [LIBRARY_PATH=/opt/rh/devtoolset-11/root/usr/lib/gcc/x86_64-redhat-linux/11/:/opt/rh/devtoolset-11/root/usr/lib/gcc/x86_64-redhat-linux/11/../../../../lib64/:/lib/../lib64/:/usr/lib/../lib64/:/opt/rh/devtoolset-11/root/usr/lib/gcc/x86_64-redhat-linux/11/../../../:/lib/:/usr/lib/]
  ignore line: [COLLECT_GCC_OPTIONS='-v' '-rdynamic' '-o' 'cmTC_ead87' '-mtune=generic' '-march=x86-64' '-dumpdir' 'cmTC_ead87.']
  link line: [ /opt/rh/devtoolset-11/root/usr/libexec/gcc/x86_64-redhat-linux/11/collect2 -plugin /opt/rh/devtoolset-11/root/usr/libexec/gcc/x86_64-redhat-linux/11/liblto_plugin.so -plugin-opt=/opt/rh/devtoolset-11/root/usr/libexec/gcc/x86_64-redhat-linux/11/lto-wrapper -plugin-opt=-fresolution=/tmp/ccKiClNm.res -plugin-opt=-pass-through=-lgcc -plugin-opt=-pass-through=-lgcc_s -plugin-opt=-pass-through=-lc -plugin-opt=-pass-through=-lgcc -plugin-opt=-pass-through=-lgcc_s --build-id --no-add-needed --eh-frame-hdr --hash-style=gnu -m elf_x86_64 -export-dynamic -dynamic-linker /lib64/ld-linux-x86-64.so.2 -o cmTC_ead87 /lib/../lib64/crt1.o /lib/../lib64/crti.o /opt/rh/devtoolset-11/root/usr/lib/gcc/x86_64-redhat-linux/11/crtbegin.o -L/opt/rh/devtoolset-11/root/usr/lib/gcc/x86_64-redhat-linux/11 -L/opt/rh/devtoolset-11/root/usr/lib/gcc/x86_64-redhat-linux/11/../../../../lib64 -L/lib/../lib64 -L/usr/lib/../lib64 -L/opt/rh/devtoolset-11/root/usr/lib/gcc/x86_64-redhat-linux/11/../../.. CMakeFiles/cmTC_ead87.dir/CMakeCCompilerABI.c.o -lgcc --push-state --as-needed -lgcc_s --pop-state -lc -lgcc --push-state --as-needed -lgcc_s --pop-state /opt/rh/devtoolset-11/root/usr/lib/gcc/x86_64-redhat-linux/11/crtend.o /lib/../lib64/crtn.o]
    arg [/opt/rh/devtoolset-11/root/usr/libexec/gcc/x86_64-redhat-linux/11/collect2] ==> ignore
    arg [-plugin] ==> ignore
    arg [/opt/rh/devtoolset-11/root/usr/libexec/gcc/x86_64-redhat-linux/11/liblto_plugin.so] ==> ignore
    arg [-plugin-opt=/opt/rh/devtoolset-11/root/usr/libexec/gcc/x86_64-redhat-linux/11/lto-wrapper] ==> ignore
    arg [-plugin-opt=-fresolution=/tmp/ccKiClNm.res] ==> ignore
    arg [-plugin-opt=-pass-through=-lgcc] ==> ignore
    arg [-plugin-opt=-pass-through=-lgcc_s] ==> ignore
    arg [-plugin-opt=-pass-through=-lc] ==> ignore
    arg [-plugin-opt=-pass-through=-lgcc] ==> ignore
    arg [-plugin-opt=-pass-through=-lgcc_s] ==> ignore
    arg [--build-id] ==> ignore
    arg [--no-add-needed] ==> ignore
    arg [--eh-frame-hdr] ==> ignore
    arg [--hash-style=gnu] ==> ignore
    arg [-m] ==> ignore
    arg [elf_x86_64] ==> ignore
    arg [-export-dynamic] ==> ignore
    arg [-dynamic-linker] ==> ignore
    arg [/lib64/ld-linux-x86-64.so.2] ==> ignore
    arg [-o] ==> ignore
    arg [cmTC_ead87] ==> ignore
    arg [/lib/../lib64/crt1.o] ==> ignore
    arg [/lib/../lib64/crti.o] ==> ignore
    arg [/opt/rh/devtoolset-11/root/usr/lib/gcc/x86_64-redhat-linux/11/crtbegin.o] ==> ignore
    arg [-L/opt/rh/devtoolset-11/root/usr/lib/gcc/x86_64-redhat-linux/11] ==> dir [/opt/rh/devtoolset-11/root/usr/lib/gcc/x86_64-redhat-linux/11]
    arg [-L/opt/rh/devtoolset-11/root/usr/lib/gcc/x86_64-redhat-linux/11/../../../../lib64] ==> dir [/opt/rh/devtoolset-11/root/usr/lib/gcc/x86_64-redhat-linux/11/../../../../lib64]
    arg [-L/lib/../lib64] ==> dir [/lib/../lib64]
    arg [-L/usr/lib/../lib64] ==> dir [/usr/lib/../lib64]
    arg [-L/opt/rh/devtoolset-11/root/usr/lib/gcc/x86_64-redhat-linux/11/../../..] ==> dir [/opt/rh/devtoolset-11/root/usr/lib/gcc/x86_64-redhat-linux/11/../../..]
    arg [CMakeFiles/cmTC_ead87.dir/CMakeCCompilerABI.c.o] ==> ignore
    arg [-lgcc] ==> lib [gcc]
    arg [--push-state] ==> ignore
    arg [--as-needed] ==> ignore
    arg [-lgcc_s] ==> lib [gcc_s]
    arg [--pop-state] ==> ignore
    arg [-lc] ==> lib [c]
    arg [-lgcc] ==> lib [gcc]
    arg [--push-state] ==> ignore
    arg [--as-needed] ==> ignore
    arg [-lgcc_s] ==> lib [gcc_s]
    arg [--pop-state] ==> ignore
    arg [/opt/rh/devtoolset-11/root/usr/lib/gcc/x86_64-redhat-linux/11/crtend.o] ==> ignore
    arg [/lib/../lib64/crtn.o] ==> ignore
  collapse library dir [/opt/rh/devtoolset-11/root/usr/lib/gcc/x86_64-redhat-linux/11] ==> [/opt/rh/devtoolset-11/root/usr/lib/gcc/x86_64-redhat-linux/11]
  collapse library dir [/opt/rh/devtoolset-11/root/usr/lib/gcc/x86_64-redhat-linux/11/../../../../lib64] ==> [/opt/rh/devtoolset-11/root/usr/lib64]
  collapse library dir [/lib/../lib64] ==> [/lib64]
  collapse library dir [/usr/lib/../lib64] ==> [/usr/lib64]
  collapse library dir [/opt/rh/devtoolset-11/root/usr/lib/gcc/x86_64-redhat-linux/11/../../..] ==> [/opt/rh/devtoolset-11/root/usr/lib]
  implicit libs: [gcc;gcc_s;c;gcc;gcc_s]
  implicit dirs: [/opt/rh/devtoolset-11/root/usr/lib/gcc/x86_64-redhat-linux/11;/opt/rh/devtoolset-11/root/usr/lib64;/lib64;/usr/lib64;/opt/rh/devtoolset-11/root/usr/lib]
  implicit fwks: []


Determining if the CXX compiler works passed with the following output:
Change Dir: /home-local/student/SpaceShooter/CMakeFiles/CMakeTmp

Run Build Command(s):/opt/rh/devtoolset-11/root/usr/bin/gmake cmTC_fb141/fast && /opt/rh/devtoolset-11/root/usr/bin/gmake  -f CMakeFiles/cmTC_fb141.dir/build.make CMakeFiles/cmTC_fb141.dir/build
gmake[1]: Entering directory '/home-local/student/SpaceShooter/CMakeFiles/CMakeTmp'
Building CXX object CMakeFiles/cmTC_fb141.dir/testCXXCompiler.cxx.o
/opt/rh/devtoolset-11/root/usr/bin/c++     -o CMakeFiles/cmTC_fb141.dir/testCXXCompiler.cxx.o -c /home-local/student/SpaceShooter/CMakeFiles/CMakeTmp/testCXXCompiler.cxx
Linking CXX executable cmTC_fb141
/usr/bin/cmake3 -E cmake_link_script CMakeFiles/cmTC_fb141.dir/link.txt --verbose=1
/opt/rh/devtoolset-11/root/usr/bin/c++       -rdynamic CMakeFiles/cmTC_fb141.dir/testCXXCompiler.cxx.o  -o cmTC_fb141 
gmake[1]: Leaving directory '/home-local/student/SpaceShooter/CMakeFiles/CMakeTmp'



Detecting CXX compiler ABI info compiled with the following output:
Change Dir: /home-local/student/SpaceShooter/CMakeFiles/CMakeTmp

Run Build Command(s):/opt/rh/devtoolset-11/root/usr/bin/gmake cmTC_b8869/fast && /opt/rh/devtoolset-11/root/usr/bin/gmake  -f CMakeFiles/cmTC_b8869.dir/build.make CMakeFiles/cmTC_b8869.dir/build
gmake[1]: Entering directory '/home-local/student/SpaceShooter/CMakeFiles/CMakeTmp'
Building CXX object CMakeFiles/cmTC_b8869.dir/CMakeCXXCompilerABI.cpp.o
/opt/rh/devtoolset-11/root/usr/bin/c++    -v -o CMakeFiles/cmTC_b8869.dir/CMakeCXXCompilerABI.cpp.o -c /usr/share/cmake3/Modules/CMakeCXXCompilerABI.cpp
Using built-in specs.
COLLECT_GCC=/opt/rh/devtoolset-11/root/usr/bin/c++
Target: x86_64-redhat-linux
Configured with: ../configure --enable-bootstrap --enable-languages=c,c++,fortran,lto --prefix=/opt/rh/devtoolset-11/root/usr --mandir=/opt/rh/devtoolset-11/root/usr/share/man --infodir=/opt/rh/devtoolset-11/root/usr/share/info --with-bugurl=http://bugzilla.redhat.com/bugzilla --enable-shared --enable-threads=posix --enable-checking=release --enable-multilib --with-system-zlib --enable-__cxa_atexit --disable-libunwind-exceptions --enable-gnu-unique-object --enable-linker-build-id --with-gcc-major-version-only --with-linker-hash-style=gnu --with-default-libstdcxx-abi=gcc4-compatible --enable-plugin --enable-initfini-array --with-isl=/builddir/build/BUILD/gcc-11.2.1-20210728/obj-x86_64-redhat-linux/isl-install --enable-gnu-indirect-function --with-tune=generic --with-arch_32=x86-64 --build=x86_64-redhat-linux
Thread model: posix
Supported LTO compression algorithms: zlib
gcc version 11.2.1 20210728 (Red Hat 11.2.1-1) (GCC) 
COLLECT_GCC_OPTIONS='-v' '-o' 'CMakeFiles/cmTC_b8869.dir/CMakeCXXCompilerABI.cpp.o' '-c' '-shared-libgcc' '-mtune=generic' '-march=x86-64' '-dumpdir' 'CMakeFiles/cmTC_b8869.dir/'
 /opt/rh/devtoolset-11/root/usr/libexec/gcc/x86_64-redhat-linux/11/cc1plus -quiet -v -D_GNU_SOURCE /usr/share/cmake3/Modules/CMakeCXXCompilerABI.cpp -quiet -dumpdir CMakeFiles/cmTC_b8869.dir/ -dumpbase CMakeCXXCompilerABI.cpp.cpp -dumpbase-ext .cpp -mtune=generic -march=x86-64 -version -o /tmp/ccbZGbky.s
GNU C++17 (GCC) version 11.2.1 20210728 (Red Hat 11.2.1-1) (x86_64-redhat-linux)
	compiled by GNU C version 11.2.1 20210728 (Red Hat 11.2.1-1), GMP version 6.0.0, MPFR version 3.1.1, MPC version 1.0.1, isl version isl-0.18-GMP

GGC heuristics: --param ggc-min-expand=100 --param ggc-min-heapsize=131072
ignoring nonexistent directory "/opt/rh/devtoolset-11/root/usr/lib/gcc/x86_64-redhat-linux/11/include-fixed"
ignoring nonexistent directory "/opt/rh/devtoolset-11/root/usr/lib/gcc/x86_64-redhat-linux/11/../../../../x86_64-redhat-linux/include"
#include "..." search starts here:
#include <...> search starts here:
 /opt/rh/devtoolset-11/root/usr/lib/gcc/x86_64-redhat-linux/11/../../../../include/c++/11
 /opt/rh/devtoolset-11/root/usr/lib/gcc/x86_64-redhat-linux/11/../../../../include/c++/11/x86_64-redhat-linux
 /opt/rh/devtoolset-11/root/usr/lib/gcc/x86_64-redhat-linux/11/../../../../include/c++/11/backward
 /opt/rh/devtoolset-11/root/usr/lib/gcc/x86_64-redhat-linux/11/include
 /usr/local/include
 /opt/rh/devtoolset-11/root/usr/include
 /usr/include
End of search list.
GNU C++17 (GCC) version 11.2.1 20210728 (Red Hat 11.2.1-1) (x86_64-redhat-linux)
	compiled by GNU C version 11.2.1 20210728 (Red Hat 11.2.1-1), GMP version 6.0.0, MPFR version 3.1.1, MPC version 1.0.1, isl version isl-0.18-GMP

GGC heuristics: --param ggc-min-expand=100 --param ggc-min-heapsize=131072
Compiler executable checksum: 3b9478021d2042010a740ac59dc5b850
COLLECT_GCC_OPTIONS='-v' '-o' 'CMakeFiles/cmTC_b8869.dir/CMakeCXXCompilerABI.cpp.o' '-c' '-shared-libgcc' '-mtune=generic' '-march=x86-64' '-dumpdir' 'CMakeFiles/cmTC_b8869.dir/'
 /opt/rh/devtoolset-11/root/usr/libexec/gcc/x86_64-redhat-linux/11/as -v --64 -o CMakeFiles/cmTC_b8869.dir/CMakeCXXCompilerABI.cpp.o /tmp/ccbZGbky.s
GNU assembler version 2.36.1 (x86_64-redhat-linux) using BFD version version 2.36.1-1.el7.1
COMPILER_PATH=/opt/rh/devtoolset-11/root/usr/libexec/gcc/x86_64-redhat-linux/11/:/opt/rh/devtoolset-11/root/usr/libexec/gcc/x86_64-redhat-linux/11/:/opt/rh/devtoolset-11/root/usr/libexec/gcc/x86_64-redhat-linux/:/opt/rh/devtoolset-11/root/usr/lib/gcc/x86_64-redhat-linux/11/:/opt/rh/devtoolset-11/root/usr/lib/gcc/x86_64-redhat-linux/
LIBRARY_PATH=/opt/rh/devtoolset-11/root/usr/lib/gcc/x86_64-redhat-linux/11/:/opt/rh/devtoolset-11/root/usr/lib/gcc/x86_64-redhat-linux/11/../../../../lib64/:/lib/../lib64/:/usr/lib/../lib64/:/opt/rh/devtoolset-11/root/usr/lib/gcc/x86_64-redhat-linux/11/../../../:/lib/:/usr/lib/
COLLECT_GCC_OPTIONS='-v' '-o' 'CMakeFiles/cmTC_b8869.dir/CMakeCXXCompilerABI.cpp.o' '-c' '-shared-libgcc' '-mtune=generic' '-march=x86-64' '-dumpdir' 'CMakeFiles/cmTC_b8869.dir/CMakeCXXCompilerABI.cpp.'
Linking CXX executable cmTC_b8869
/usr/bin/cmake3 -E cmake_link_script CMakeFiles/cmTC_b8869.dir/link.txt --verbose=1
/opt/rh/devtoolset-11/root/usr/bin/c++      -v -rdynamic CMakeFiles/cmTC_b8869.dir/CMakeCXXCompilerABI.cpp.o  -o cmTC_b8869 
Using built-in specs.
COLLECT_GCC=/opt/rh/devtoolset-11/root/usr/bin/c++
COLLECT_LTO_WRAPPER=/opt/rh/devtoolset-11/root/usr/libexec/gcc/x86_64-redhat-linux/11/lto-wrapper
Target: x86_64-redhat-linux
Configured with: ../configure --enable-bootstrap --enable-languages=c,c++,fortran,lto --prefix=/opt/rh/devtoolset-11/root/usr --mandir=/opt/rh/devtoolset-11/root/usr/share/man --infodir=/opt/rh/devtoolset-11/root/usr/share/info --with-bugurl=http://bugzilla.redhat.com/bugzilla --enable-shared --enable-threads=posix --enable-checking=release --enable-multilib --with-system-zlib --enable-__cxa_atexit --disable-libunwind-exceptions --enable-gnu-unique-object --enable-linker-build-id --with-gcc-major-version-only --with-linker-hash-style=gnu --with-default-libstdcxx-abi=gcc4-compatible --enable-plugin --enable-initfini-array --with-isl=/builddir/build/BUILD/gcc-11.2.1-20210728/obj-x86_64-redhat-linux/isl-install --enable-gnu-indirect-function --with-tune=generic --with-arch_32=x86-64 --build=x86_64-redhat-linux
Thread model: posix
Supported LTO compression algorithms: zlib
gcc version 11.2.1 20210728 (Red Hat 11.2.1-1) (GCC) 
COMPILER_PATH=/opt/rh/devtoolset-11/root/usr/libexec/gcc/x86_64-redhat-linux/11/:/opt/rh/devtoolset-11/root/usr/libexec/gcc/x86_64-redhat-linux/11/:/opt/rh/devtoolset-11/root/usr/libexec/gcc/x86_64-redhat-linux/:/opt/rh/devtoolset-11/root/usr/lib/gcc/x86_64-redhat-linux/11/:/opt/rh/devtoolset-11/root/usr/lib/gcc/x86_64-redhat-linux/
LIBRARY_PATH=/opt/rh/devtoolset-11/root/usr/lib/gcc/x86_64-redhat-linux/11/:/opt/rh/devtoolset-11/root/usr/lib/gcc/x86_64-redhat-linux/11/../../../../lib64/:/lib/../lib64/:/usr/lib/../lib64/:/opt/rh/devtoolset-11/root/usr/lib/gcc/x86_64-redhat-linux/11/../../../:/lib/:/usr/lib/
COLLECT_GCC_OPTIONS='-v' '-rdynamic' '-o' 'cmTC_b8869' '-shared-libgcc' '-mtune=generic' '-march=x86-64' '-dumpdir' 'cmTC_b8869.'
 /opt/rh/devtoolset-11/root/usr/libexec/gcc/x86_64-redhat-linux/11/collect2 -plugin /opt/rh/devtoolset-11/root/usr/libexec/gcc/x86_64-redhat-linux/11/liblto_plugin.so -plugin-opt=/opt/rh/devtoolset-11/root/usr/libexec/gcc/x86_64-redhat-linux/11/lto-wrapper -plugin-opt=-fresolution=/tmp/cc2wnifD.res -plugin-opt=-pass-through=-lgcc_s -plugin-opt=-pass-through=-lgcc -plugin-opt=-pass-through=-lc -plugin-opt=-pass-through=-lgcc_s -plugin-opt=-pass-through=-lgcc --build-id --no-add-needed --eh-frame-hdr --hash-style=gnu -m elf_x86_64 -export-dynamic -dynamic-linker /lib64/ld-linux-x86-64.so.2 -o cmTC_b8869 /lib/../lib64/crt1.o /lib/../lib64/crti.o /opt/rh/devtoolset-11/root/usr/lib/gcc/x86_64-redhat-linux/11/crtbegin.o -L/opt/rh/devtoolset-11/root/usr/lib/gcc/x86_64-redhat-linux/11 -L/opt/rh/devtoolset-11/root/usr/lib/gcc/x86_64-redhat-linux/11/../../../../lib64 -L/lib/../lib64 -L/usr/lib/../lib64 -L/opt/rh/devtoolset-11/root/usr/lib/gcc/x86_64-redhat-linux/11/../../.. CMakeFiles/cmTC_b8869.dir/CMakeCXXCompilerABI.cpp.o -lstdc++ -lm -lgcc_s -lgcc -lc -lgcc_s -lgcc /opt/rh/devtoolset-11/root/usr/lib/gcc/x86_64-redhat-linux/11/crtend.o /lib/../lib64/crtn.o
COLLECT_GCC_OPTIONS='-v' '-rdynamic' '-o' 'cmTC_b8869' '-shared-libgcc' '-mtune=generic' '-march=x86-64' '-dumpdir' 'cmTC_b8869.'
gmake[1]: Leaving directory '/home-local/student/SpaceShooter/CMakeFiles/CMakeTmp'



Parsed CXX implicit include dir info from above output: rv=done
  found start of include info
  found start of implicit include info
    add: [/opt/rh/devtoolset-11/root/usr/lib/gcc/x86_64-redhat-linux/11/../../../../include/c++/11]
    add: [/opt/rh/devtoolset-11/root/usr/lib/gcc/x86_64-redhat-linux/11/../../../../include/c++/11/x86_64-redhat-linux]
    add: [/opt/rh/devtoolset-11/root/usr/lib/gcc/x86_64-redhat-linux/11/../../../../include/c++/11/backward]
    add: [/opt/rh/devtoolset-11/root/usr/lib/gcc/x86_64-redhat-linux/11/include]
    add: [/usr/local/include]
    add: [/opt/rh/devtoolset-11/root/usr/include]
    add: [/usr/include]
  end of search list found
  collapse include dir [/opt/rh/devtoolset-11/root/usr/lib/gcc/x86_64-redhat-linux/11/../../../../include/c++/11] ==> [/opt/rh/devtoolset-11/root/usr/include/c++/11]
  collapse include dir [/opt/rh/devtoolset-11/root/usr/lib/gcc/x86_64-redhat-linux/11/../../../../include/c++/11/x86_64-redhat-linux] ==> [/opt/rh/devtoolset-11/root/usr/include/c++/11/x86_64-redhat-linux]
  collapse include dir [/opt/rh/devtoolset-11/root/usr/lib/gcc/x86_64-redhat-linux/11/../../../../include/c++/11/backward] ==> [/opt/rh/devtoolset-11/root/usr/include/c++/11/backward]
  collapse include dir [/opt/rh/devtoolset-11/root/usr/lib/gcc/x86_64-redhat-linux/11/include] ==> [/opt/rh/devtoolset-11/root/usr/lib/gcc/x86_64-redhat-linux/11/include]
  collapse include dir [/usr/local/include] ==> [/usr/local/include]
  collapse include dir [/opt/rh/devtoolset-11/root/usr/include] ==> [/opt/rh/devtoolset-11/root/usr/include]
  collapse include dir [/usr/include] ==> [/usr/include]
  implicit include dirs: [/opt/rh/devtoolset-11/root/usr/include/c++/11;/opt/rh/devtoolset-11/root/usr/include/c++/11/x86_64-redhat-linux;/opt/rh/devtoolset-11/root/usr/include/c++/11/backward;/opt/rh/devtoolset-11/root/usr/lib/gcc/x86_64-redhat-linux/11/include;/usr/local/include;/opt/rh/devtoolset-11/root/usr/include;/usr/include]


Parsed CXX implicit link information from above output:
  link line regex: [^( *|.*[/\])(ld|CMAKE_LINK_STARTFILE-NOTFOUND|([^/\]+-)?ld|collect2)[^/\]*( |$)]
  ignore line: [Change Dir: /home-local/student/SpaceShooter/CMakeFiles/CMakeTmp]
  ignore line: []
  ignore line: [Run Build Command(s):/opt/rh/devtoolset-11/root/usr/bin/gmake cmTC_b8869/fast && /opt/rh/devtoolset-11/root/usr/bin/gmake  -f CMakeFiles/cmTC_b8869.dir/build.make CMakeFiles/cmTC_b8869.dir/build]
  ignore line: [gmake[1]: Entering directory '/home-local/student/SpaceShooter/CMakeFiles/CMakeTmp']
  ignore line: [Building CXX object CMakeFiles/cmTC_b8869.dir/CMakeCXXCompilerABI.cpp.o]
  ignore line: [/opt/rh/devtoolset-11/root/usr/bin/c++    -v -o CMakeFiles/cmTC_b8869.dir/CMakeCXXCompilerABI.cpp.o -c /usr/share/cmake3/Modules/CMakeCXXCompilerABI.cpp]
  ignore line: [Using built-in specs.]
  ignore line: [COLLECT_GCC=/opt/rh/devtoolset-11/root/usr/bin/c++]
  ignore line: [Target: x86_64-redhat-linux]
  ignore line: [Configured with: ../configure --enable-bootstrap --enable-languages=c c++ fortran lto --prefix=/opt/rh/devtoolset-11/root/usr --mandir=/opt/rh/devtoolset-11/root/usr/share/man --infodir=/opt/rh/devtoolset-11/root/usr/share/info --with-bugurl=http://bugzilla.redhat.com/bugzilla --enable-shared --enable-threads=posix --enable-checking=release --enable-multilib --with-system-zlib --enable-__cxa_atexit --disable-libunwind-exceptions --enable-gnu-unique-object --enable-linker-build-id --with-gcc-major-version-only --with-linker-hash-style=gnu --with-default-libstdcxx-abi=gcc4-compatible --enable-plugin --enable-initfini-array --with-isl=/builddir/build/BUILD/gcc-11.2.1-20210728/obj-x86_64-redhat-linux/isl-install --enable-gnu-indirect-function --with-tune=generic --with-arch_32=x86-64 --build=x86_64-redhat-linux]
  ignore line: [Thread model: posix]
  ignore line: [Supported LTO compression algorithms: zlib]
  ignore line: [gcc version 11.2.1 20210728 (Red Hat 11.2.1-1) (GCC) ]
  ignore line: [COLLECT_GCC_OPTIONS='-v' '-o' 'CMakeFiles/cmTC_b8869.dir/CMakeCXXCompilerABI.cpp.o' '-c' '-shared-libgcc' '-mtune=generic' '-march=x86-64' '-dumpdir' 'CMakeFiles/cmTC_b8869.dir/']
  ignore line: [ /opt/rh/devtoolset-11/root/usr/libexec/gcc/x86_64-redhat-linux/11/cc1plus -quiet -v -D_GNU_SOURCE /usr/share/cmake3/Modules/CMakeCXXCompilerABI.cpp -quiet -dumpdir CMakeFiles/cmTC_b8869.dir/ -dumpbase CMakeCXXCompilerABI.cpp.cpp -dumpbase-ext .cpp -mtune=generic -march=x86-64 -version -o /tmp/ccbZGbky.s]
  ignore line: [GNU C++17 (GCC) version 11.2.1 20210728 (Red Hat 11.2.1-1) (x86_64-redhat-linux)]
  ignore line: [	compiled by GNU C version 11.2.1 20210728 (Red Hat 11.2.1-1)  GMP version 6.0.0  MPFR version 3.1.1  MPC version 1.0.1  isl version isl-0.18-GMP]
  ignore line: []
  ignore line: [GGC heuristics: --param ggc-min-expand=100 --param ggc-min-heapsize=131072]
  ignore line: [ignoring nonexistent directory "/opt/rh/devtoolset-11/root/usr/lib/gcc/x86_64-redhat-linux/11/include-fixed"]
  ignore line: [ignoring nonexistent directory "/opt/rh/devtoolset-11/root/usr/lib/gcc/x86_64-redhat-linux/11/../../../../x86_64-redhat-linux/include"]
  ignore line: [#include "..." search starts here:]
  ignore line: [#include <...> search starts here:]
  ignore line: [ /opt/rh/devtoolset-11/root/usr/lib/gcc/x86_64-redhat-linux/11/../../../../include/c++/11]
  ignore line: [ /opt/rh/devtoolset-11/root/usr/lib/gcc/x86_64-redhat-linux/11/../../../../include/c++/11/x86_64-redhat-linux]
  ignore line: [ /opt/rh/devtoolset-11/root/usr/lib/gcc/x86_64-redhat-linux/11/../../../../include/c++/11/backward]
  ignore line: [ /opt/rh/devtoolset-11/root/usr/lib/gcc/x86_64-redhat-linux/11/include]
  ignore line: [ /usr/local/include]
  ignore line: [ /opt/rh/devtoolset-11/root/usr/include]
  ignore line: [ /usr/include]
  ignore line: [End of search list.]
  ignore line: [GNU C++17 (GCC) version 11.2.1 20210728 (Red Hat 11.2.1-1) (x86_64-redhat-linux)]
  ignore line: [	compiled by GNU C version 11.2.1 20210728 (Red Hat 11.2.1-1)  GMP version 6.0.0  MPFR version 3.1.1  MPC version 1.0.1  isl version isl-0.18-GMP]
  ignore line: []
  ignore line: [GGC heuristics: --param ggc-min-expand=100 --param ggc-min-heapsize=131072]
  ignore line: [Compiler executable checksum: 3b9478021d2042010a740ac59dc5b850]
  ignore line: [COLLECT_GCC_OPTIONS='-v' '-o' 'CMakeFiles/cmTC_b8869.dir/CMakeCXXCompilerABI.cpp.o' '-c' '-shared-libgcc' '-mtune=generic' '-march=x86-64' '-dumpdir' 'CMakeFiles/cmTC_b8869.dir/']
  ignore line: [ /opt/rh/devtoolset-11/root/usr/libexec/gcc/x86_64-redhat-linux/11/as -v --64 -o CMakeFiles/cmTC_b8869.dir/CMakeCXXCompilerABI.cpp.o /tmp/ccbZGbky.s]
  ignore line: [GNU assembler version 2.36.1 (x86_64-redhat-linux) using BFD version version 2.36.1-1.el7.1]
  ignore line: [COMPILER_PATH=/opt/rh/devtoolset-11/root/usr/libexec/gcc/x86_64-redhat-linux/11/:/opt/rh/devtoolset-11/root/usr/libexec/gcc/x86_64-redhat-linux/11/:/opt/rh/devtoolset-11/root/usr/libexec/gcc/x86_64-redhat-linux/:/opt/rh/devtoolset-11/root/usr/lib/gcc/x86_64-redhat-linux/11/:/opt/rh/devtoolset-11/root/usr/lib/gcc/x86_64-redhat-linux/]
  ignore line: [LIBRARY_PATH=/opt/rh/devtoolset-11/root/usr/lib/gcc/x86_64-redhat-linux/11/:/opt/rh/devtoolset-11/root/usr/lib/gcc/x86_64-redhat-linux/11/../../../../lib64/:/lib/../lib64/:/usr/lib/../lib64/:/opt/rh/devtoolset-11/root/usr/lib/gcc/x86_64-redhat-linux/11/../../../:/lib/:/usr/lib/]
  ignore line: [COLLECT_GCC_OPTIONS='-v' '-o' 'CMakeFiles/cmTC_b8869.dir/CMakeCXXCompilerABI.cpp.o' '-c' '-shared-libgcc' '-mtune=generic' '-march=x86-64' '-dumpdir' 'CMakeFiles/cmTC_b8869.dir/CMakeCXXCompilerABI.cpp.']
  ignore line: [Linking CXX executable cmTC_b8869]
  ignore line: [/usr/bin/cmake3 -E cmake_link_script CMakeFiles/cmTC_b8869.dir/link.txt --verbose=1]
  ignore line: [/opt/rh/devtoolset-11/root/usr/bin/c++      -v -rdynamic CMakeFiles/cmTC_b8869.dir/CMakeCXXCompilerABI.cpp.o  -o cmTC_b8869 ]
  ignore line: [Using built-in specs.]
  ignore line: [COLLECT_GCC=/opt/rh/devtoolset-11/root/usr/bin/c++]
  ignore line: [COLLECT_LTO_WRAPPER=/opt/rh/devtoolset-11/root/usr/libexec/gcc/x86_64-redhat-linux/11/lto-wrapper]
  ignore line: [Target: x86_64-redhat-linux]
  ignore line: [Configured with: ../configure --enable-bootstrap --enable-languages=c c++ fortran lto --prefix=/opt/rh/devtoolset-11/root/usr --mandir=/opt/rh/devtoolset-11/root/usr/share/man --infodir=/opt/rh/devtoolset-11/root/usr/share/info --with-bugurl=http://bugzilla.redhat.com/bugzilla --enable-shared --enable-threads=posix --enable-checking=release --enable-multilib --with-system-zlib --enable-__cxa_atexit --disable-libunwind-exceptions --enable-gnu-unique-object --enable-linker-build-id --with-gcc-major-version-only --with-linker-hash-style=gnu --with-default-libstdcxx-abi=gcc4-compatible --enable-plugin --enable-initfini-array --with-isl=/builddir/build/BUILD/gcc-11.2.1-20210728/obj-x86_64-redhat-linux/isl-install --enable-gnu-indirect-function --with-tune=generic --with-arch_32=x86-64 --build=x86_64-redhat-linux]
  ignore line: [Thread model: posix]
  ignore line: [Supported LTO compression algorithms: zlib]
  ignore line: [gcc version 11.2.1 20210728 (Red Hat 11.2.1-1) (GCC) ]
  ignore line: [COMPILER_PATH=/opt/rh/devtoolset-11/root/usr/libexec/gcc/x86_64-redhat-linux/11/:/opt/rh/devtoolset-11/root/usr/libexec/gcc/x86_64-redhat-linux/11/:/opt/rh/devtoolset-11/root/usr/libexec/gcc/x86_64-redhat-linux/:/opt/rh/devtoolset-11/root/usr/lib/gcc/x86_64-redhat-linux/11/:/opt/rh/devtoolset-11/root/usr/lib/gcc/x86_64-redhat-linux/]
  ignore line: [LIBRARY_PATH=/opt/rh/devtoolset-11/root/usr/lib/gcc/x86_64-redhat-linux/11/:/opt/rh/devtoolset-11/root/usr/lib/gcc/x86_64-redhat-linux/11/../../../../lib64/:/lib/../lib64/:/usr/lib/../lib64/:/opt/rh/devtoolset-11/root/usr/lib/gcc/x86_64-redhat-linux/11/../../../:/lib/:/usr/lib/]
  ignore line: [COLLECT_GCC_OPTIONS='-v' '-rdynamic' '-o' 'cmTC_b8869' '-shared-libgcc' '-mtune=generic' '-march=x86-64' '-dumpdir' 'cmTC_b8869.']
  link line: [ /opt/rh/devtoolset-11/root/usr/libexec/gcc/x86_64-redhat-linux/11/collect2 -plugin /opt/rh/devtoolset-11/root/usr/libexec/gcc/x86_64-redhat-linux/11/liblto_plugin.so -plugin-opt=/opt/rh/devtoolset-11/root/usr/libexec/gcc/x86_64-redhat-linux/11/lto-wrapper -plugin-opt=-fresolution=/tmp/cc2wnifD.res -plugin-opt=-pass-through=-lgcc_s -plugin-opt=-pass-through=-lgcc -plugin-opt=-pass-through=-lc -plugin-opt=-pass-through=-lgcc_s -plugin-opt=-pass-through=-lgcc --build-id --no-add-needed --eh-frame-hdr --hash-style=gnu -m elf_x86_64 -export-dynamic -dynamic-linker /lib64/ld-linux-x86-64.so.2 -o cmTC_b8869 /lib/../lib64/crt1.o /lib/../lib64/crti.o /opt/rh/devtoolset-11/root/usr/lib/gcc/x86_64-redhat-linux/11/crtbegin.o -L/opt/rh/devtoolset-11/root/usr/lib/gcc/x86_64-redhat-linux/11 -L/opt/rh/devtoolset-11/root/usr/lib/gcc/x86_64-redhat-linux/11/../../../../lib64 -L/lib/../lib64 -L/usr/lib/../lib64 -L/opt/rh/devtoolset-11/root/usr/lib/gcc/x86_64-redhat-linux/11/../../.. CMakeFiles/cmTC_b8869.dir/CMakeCXXCompilerABI.cpp.o -lstdc++ -lm -lgcc_s -lgcc -lc -lgcc_s -lgcc /opt/rh/devtoolset-11/root/usr/lib/gcc/x86_64-redhat-linux/11/crtend.o /lib/../lib64/crtn.o]
    arg [/opt/rh/devtoolset-11/root/usr/libexec/gcc/x86_64-redhat-linux/11/collect2] ==> ignore
    arg [-plugin] ==> ignore
    arg [/opt/rh/devtoolset-11/root/usr/libexec/gcc/x86_64-redhat-linux/11/liblto_plugin.so] ==> ignore
    arg [-plugin-opt=/opt/rh/devtoolset-11/root/usr/libexec/gcc/x86_64-redhat-linux/11/lto-wrapper] ==> ignore
    arg [-plugin-opt=-fresolution=/tmp/cc2wnifD.res] ==> ignore
    arg [-plugin-opt=-pass-through=-lgcc_s] ==> ignore
    arg [-plugin-opt=-pass-through=-lgcc] ==> ignore
    arg [-plugin-opt=-pass-through=-lc] ==> ignore
    arg [-plugin-opt=-pass-through=-lgcc_s] ==> ignore
    arg [-plugin-opt=-pass-through=-lgcc] ==> ignore
    arg [--build-id] ==> ignore
    arg [--no-add-needed] ==> ignore
    arg [--eh-frame-hdr] ==> ignore
    arg [--hash-style=gnu] ==> ignore
    arg [-m] ==> ignore
    arg [elf_x86_64] ==> ignore
    arg [-export-dynamic] ==> ignore
    arg [-dynamic-linker] ==> ignore
    arg [/lib64/ld-linux-x86-64.so.2] ==> ignore
    arg [-o] ==> ignore
    arg [cmTC_b8869] ==> ignore
    arg [/lib/../lib64/crt1.o] ==> ignore
    arg [/lib/../lib64/crti.o] ==> ignore
    arg [/opt/rh/devtoolset-11/root/usr/lib/gcc/x86_64-redhat-linux/11/crtbegin.o] ==> ignore
    arg [-L/opt/rh/devtoolset-11/root/usr/lib/gcc/x86_64-redhat-linux/11] ==> dir [/opt/rh/devtoolset-11/root/usr/lib/gcc/x86_64-redhat-linux/11]
    arg [-L/opt/rh/devtoolset-11/root/usr/lib/gcc/x86_64-redhat-linux/11/../../../../lib64] ==> dir [/opt/rh/devtoolset-11/root/usr/lib/gcc/x86_64-redhat-linux/11/../../../../lib64]
    arg [-L/lib/../lib64] ==> dir [/lib/../lib64]
    arg [-L/usr/lib/../lib64] ==> dir [/usr/lib/../lib64]
    arg [-L/opt/rh/devtoolset-11/root/usr/lib/gcc/x86_64-redhat-linux/11/../../..] ==> dir [/opt/rh/devtoolset-11/root/usr/lib/gcc/x86_64-redhat-linux/11/../../..]
    arg [CMakeFiles/cmTC_b8869.dir/CMakeCXXCompilerABI.cpp.o] ==> ignore
    arg [-lstdc++] ==> lib [stdc++]
    arg [-lm] ==> lib [m]
    arg [-lgcc_s] ==> lib [gcc_s]
    arg [-lgcc] ==> lib [gcc]
    arg [-lc] ==> lib [c]
    arg [-lgcc_s] ==> lib [gcc_s]
    arg [-lgcc] ==> lib [gcc]
    arg [/opt/rh/devtoolset-11/root/usr/lib/gcc/x86_64-redhat-linux/11/crtend.o] ==> ignore
    arg [/lib/../lib64/crtn.o] ==> ignore
  collapse library dir [/opt/rh/devtoolset-11/root/usr/lib/gcc/x86_64-redhat-linux/11] ==> [/opt/rh/devtoolset-11/root/usr/lib/gcc/x86_64-redhat-linux/11]
  collapse library dir [/opt/rh/devtoolset-11/root/usr/lib/gcc/x86_64-redhat-linux/11/../../../../lib64] ==> [/opt/rh/devtoolset-11/root/usr/lib64]
  collapse library dir [/lib/../lib64] ==> [/lib64]
  collapse library dir [/usr/lib/../lib64] ==> [/usr/lib64]
  collapse library dir [/opt/rh/devtoolset-11/root/usr/lib/gcc/x86_64-redhat-linux/11/../../..] ==> [/opt/rh/devtoolset-11/root/usr/lib]
  implicit libs: [stdc++;m;gcc_s;gcc;c;gcc_s;gcc]
  implicit dirs: [/opt/rh/devtoolset-11/root/usr/lib/gcc/x86_64-redhat-linux/11;/opt/rh/devtoolset-11/root/usr/lib64;/lib64;/usr/lib64;/opt/rh/devtoolset-11/root/usr/lib]
  implicit fwks: []


Determining if the include file pthread.h exists passed with the following output:
Change Dir: /home-local/student/SpaceShooter/CMakeFiles/CMakeTmp

Run Build Command(s):/opt/rh/devtoolset-11/root/usr/bin/gmake cmTC_b30ce/fast && /opt/rh/devtoolset-11/root/usr/bin/gmake  -f CMakeFiles/cmTC_b30ce.dir/build.make CMakeFiles/cmTC_b30ce.dir/build
gmake[1]: Entering directory '/home-local/student/SpaceShooter/CMakeFiles/CMakeTmp'
Building C object CMakeFiles/cmTC_b30ce.dir/CheckIncludeFile.c.o
/opt/rh/devtoolset-11/root/usr/bin/cc    -o CMakeFiles/cmTC_b30ce.dir/CheckIncludeFile.c.o   -c /home-local/student/SpaceShooter/CMakeFiles/CMakeTmp/CheckIncludeFile.c
Linking C executable cmTC_b30ce
/usr/bin/cmake3 -E cmake_link_script CMakeFiles/cmTC_b30ce.dir/link.txt --verbose=1
/opt/rh/devtoolset-11/root/usr/bin/cc      -rdynamic CMakeFiles/cmTC_b30ce.dir/CheckIncludeFile.c.o  -o cmTC_b30ce 
gmake[1]: Leaving directory '/home-local/student/SpaceShooter/CMakeFiles/CMakeTmp'



Determining if the function pthread_create exists in the pthread passed with the following output:
Change Dir: /home-local/student/SpaceShooter/CMakeFiles/CMakeTmp

Run Build Command(s):/opt/rh/devtoolset-11/root/usr/bin/gmake cmTC_8ffd8/fast && /opt/rh/devtoolset-11/root/usr/bin/gmake  -f CMakeFiles/cmTC_8ffd8.dir/build.make CMakeFiles/cmTC_8ffd8.dir/build
gmake[1]: Entering directory '/home-local/student/SpaceShooter/CMakeFiles/CMakeTmp'
Building C object CMakeFiles/cmTC_8ffd8.dir/CheckFunctionExists.c.o
/opt/rh/devtoolset-11/root/usr/bin/cc   -DCHECK_FUNCTION_EXISTS=pthread_create   -o CMakeFiles/cmTC_8ffd8.dir/CheckFunctionExists.c.o   -c /usr/share/cmake3/Modules/CheckFunctionExists.c
Linking C executable cmTC_8ffd8
/usr/bin/cmake3 -E cmake_link_script CMakeFiles/cmTC_8ffd8.dir/link.txt --verbose=1
/opt/rh/devtoolset-11/root/usr/bin/cc  -DCHECK_FUNCTION_EXISTS=pthread_create    -rdynamic CMakeFiles/cmTC_8ffd8.dir/CheckFunctionExists.c.o  -o cmTC_8ffd8  -lpthread 
gmake[1]: Leaving directory '/home-local/student/SpaceShooter/CMakeFiles/CMakeTmp'



Determining if the function XOpenDisplay exists in the /usr/lib64/libX11.so;/usr/lib64/libXext.so passed with the following output:
Change Dir: /home-local/student/SpaceShooter/CMakeFiles/CMakeTmp

Run Build Command(s):/opt/rh/devtoolset-11/root/usr/bin/gmake cmTC_da704/fast && /opt/rh/devtoolset-11/root/usr/bin/gmake  -f CMakeFiles/cmTC_da704.dir/build.make CMakeFiles/cmTC_da704.dir/build
gmake[1]: Entering directory '/home-local/student/SpaceShooter/CMakeFiles/CMakeTmp'
Building C object CMakeFiles/cmTC_da704.dir/CheckFunctionExists.c.o
/opt/rh/devtoolset-11/root/usr/bin/cc   -DCHECK_FUNCTION_EXISTS=XOpenDisplay   -o CMakeFiles/cmTC_da704.dir/CheckFunctionExists.c.o   -c /usr/share/cmake3/Modules/CheckFunctionExists.c
Linking C executable cmTC_da704
/usr/bin/cmake3 -E cmake_link_script CMakeFiles/cmTC_da704.dir/link.txt --verbose=1
/opt/rh/devtoolset-11/root/usr/bin/cc  -DCHECK_FUNCTION_EXISTS=XOpenDisplay    -rdynamic CMakeFiles/cmTC_da704.dir/CheckFunctionExists.c.o  -o cmTC_da704  /usr/lib64/libX11.so /usr/lib64/libXext.so 
gmake[1]: Leaving directory '/home-local/student/SpaceShooter/CMakeFiles/CMakeTmp'



Determining if the function gethostbyname exists passed with the following output:
Change Dir: /home-local/student/SpaceShooter/CMakeFiles/CMakeTmp

Run Build Command(s):/opt/rh/devtoolset-11/root/usr/bin/gmake cmTC_c17b0/fast && /opt/rh/devtoolset-11/root/usr/bin/gmake  -f CMakeFiles/cmTC_c17b0.dir/build.make CMakeFiles/cmTC_c17b0.dir/build
gmake[1]: Entering directory '/home-local/student/SpaceShooter/CMakeFiles/CMakeTmp'
Building C object CMakeFiles/cmTC_c17b0.dir/CheckFunctionExists.c.o
/opt/rh/devtoolset-11/root/usr/bin/cc   -DCHECK_FUNCTION_EXISTS=gethostbyname   -o CMakeFiles/cmTC_c17b0.dir/CheckFunctionExists.c.o   -c /usr/share/cmake3/Modules/CheckFunctionExists.c
Linking C executable cmTC_c17b0
/usr/bin/cmake3 -E cmake_link_script CMakeFiles/cmTC_c17b0.dir/link.txt --verbose=1
/opt/rh/devtoolset-11/root/usr/bin/cc  -DCHECK_FUNCTION_EXISTS=gethostbyname    -rdynamic CMakeFiles/cmTC_c17b0.dir/CheckFunctionExists.c.o  -o cmTC_c17b0 
gmake[1]: Leaving directory '/home-local/student/SpaceShooter/CMakeFiles/CMakeTmp'



Determining if the function connect exists passed with the following output:
Change Dir: /home-local/student/SpaceShooter/CMakeFiles/CMakeTmp

Run Build Command(s):/opt/rh/devtoolset-11/root/usr/bin/gmake cmTC_528a8/fast && /opt/rh/devtoolset-11/root/usr/bin/gmake  -f CMakeFiles/cmTC_528a8.dir/build.make CMakeFiles/cmTC_528a8.dir/build
gmake[1]: Entering directory '/home-local/student/SpaceShooter/CMakeFiles/CMakeTmp'
Building C object CMakeFiles/cmTC_528a8.dir/CheckFunctionExists.c.o
/opt/rh/devtoolset-11/root/usr/bin/cc   -DCHECK_FUNCTION_EXISTS=connect   -o CMakeFiles/cmTC_528a8.dir/CheckFunctionExists.c.o   -c /usr/share/cmake3/Modules/CheckFunctionExists.c
Linking C executable cmTC_528a8
/usr/bin/cmake3 -E cmake_link_script CMakeFiles/cmTC_528a8.dir/link.txt --verbose=1
/opt/rh/devtoolset-11/root/usr/bin/cc  -DCHECK_FUNCTION_EXISTS=connect    -rdynamic CMakeFiles/cmTC_528a8.dir/CheckFunctionExists.c.o  -o cmTC_528a8 
gmake[1]: Leaving directory '/home-local/student/SpaceShooter/CMakeFiles/CMakeTmp'



Determining if the function remove exists passed with the following output:
Change Dir: /home-local/student/SpaceShooter/CMakeFiles/CMakeTmp

Run Build Command(s):/opt/rh/devtoolset-11/root/usr/bin/gmake cmTC_c0c65/fast && /opt/rh/devtoolset-11/root/usr/bin/gmake  -f CMakeFiles/cmTC_c0c65.dir/build.make CMakeFiles/cmTC_c0c65.dir/build
gmake[1]: Entering directory '/home-local/student/SpaceShooter/CMakeFiles/CMakeTmp'
Building C object CMakeFiles/cmTC_c0c65.dir/CheckFunctionExists.c.o
/opt/rh/devtoolset-11/root/usr/bin/cc   -DCHECK_FUNCTION_EXISTS=remove   -o CMakeFiles/cmTC_c0c65.dir/CheckFunctionExists.c.o   -c /usr/share/cmake3/Modules/CheckFunctionExists.c
Linking C executable cmTC_c0c65
/usr/bin/cmake3 -E cmake_link_script CMakeFiles/cmTC_c0c65.dir/link.txt --verbose=1
/opt/rh/devtoolset-11/root/usr/bin/cc  -DCHECK_FUNCTION_EXISTS=remove    -rdynamic CMakeFiles/cmTC_c0c65.dir/CheckFunctionExists.c.o  -o cmTC_c0c65 
gmake[1]: Leaving directory '/home-local/student/SpaceShooter/CMakeFiles/CMakeTmp'



Determining if the function shmat exists passed with the following output:
Change Dir: /home-local/student/SpaceShooter/CMakeFiles/CMakeTmp

Run Build Command(s):/opt/rh/devtoolset-11/root/usr/bin/gmake cmTC_30b9d/fast && /opt/rh/devtoolset-11/root/usr/bin/gmake  -f CMakeFiles/cmTC_30b9d.dir/build.make CMakeFiles/cmTC_30b9d.dir/build
gmake[1]: Entering directory '/home-local/student/SpaceShooter/CMakeFiles/CMakeTmp'
Building C object CMakeFiles/cmTC_30b9d.dir/CheckFunctionExists.c.o
/opt/rh/devtoolset-11/root/usr/bin/cc   -DCHECK_FUNCTION_EXISTS=shmat   -o CMakeFiles/cmTC_30b9d.dir/CheckFunctionExists.c.o   -c /usr/share/cmake3/Modules/CheckFunctionExists.c
Linking C executable cmTC_30b9d
/usr/bin/cmake3 -E cmake_link_script CMakeFiles/cmTC_30b9d.dir/link.txt --verbose=1
/opt/rh/devtoolset-11/root/usr/bin/cc  -DCHECK_FUNCTION_EXISTS=shmat    -rdynamic CMakeFiles/cmTC_30b9d.dir/CheckFunctionExists.c.o  -o cmTC_30b9d 
gmake[1]: Leaving directory '/home-local/student/SpaceShooter/CMakeFiles/CMakeTmp'



Determining if the include file sys/types.h exists passed with the following output:
Change Dir: /home-local/student/SpaceShooter/CMakeFiles/CMakeTmp

Run Build Command(s):/opt/rh/devtoolset-11/root/usr/bin/gmake cmTC_5c79c/fast && /opt/rh/devtoolset-11/root/usr/bin/gmake  -f CMakeFiles/cmTC_5c79c.dir/build.make CMakeFiles/cmTC_5c79c.dir/build
gmake[1]: Entering directory '/home-local/student/SpaceShooter/CMakeFiles/CMakeTmp'
Building C object CMakeFiles/cmTC_5c79c.dir/CheckIncludeFile.c.o
/opt/rh/devtoolset-11/root/usr/bin/cc    -o CMakeFiles/cmTC_5c79c.dir/CheckIncludeFile.c.o   -c /home-local/student/SpaceShooter/CMakeFiles/CMakeTmp/CheckIncludeFile.c
Linking C executable cmTC_5c79c
/usr/bin/cmake3 -E cmake_link_script CMakeFiles/cmTC_5c79c.dir/link.txt --verbose=1
/opt/rh/devtoolset-11/root/usr/bin/cc      -rdynamic CMakeFiles/cmTC_5c79c.dir/CheckIncludeFile.c.o  -o cmTC_5c79c 
gmake[1]: Leaving directory '/home-local/student/SpaceShooter/CMakeFiles/CMakeTmp'



Determining if the include file stdint.h exists passed with the following output:
Change Dir: /home-local/student/SpaceShooter/CMakeFiles/CMakeTmp

Run Build Command(s):/opt/rh/devtoolset-11/root/usr/bin/gmake cmTC_5fdb5/fast && /opt/rh/devtoolset-11/root/usr/bin/gmake  -f CMakeFiles/cmTC_5fdb5.dir/build.make CMakeFiles/cmTC_5fdb5.dir/build
gmake[1]: Entering directory '/home-local/student/SpaceShooter/CMakeFiles/CMakeTmp'
Building C object CMakeFiles/cmTC_5fdb5.dir/CheckIncludeFile.c.o
/opt/rh/devtoolset-11/root/usr/bin/cc    -o CMakeFiles/cmTC_5fdb5.dir/CheckIncludeFile.c.o   -c /home-local/student/SpaceShooter/CMakeFiles/CMakeTmp/CheckIncludeFile.c
Linking C executable cmTC_5fdb5
/usr/bin/cmake3 -E cmake_link_script CMakeFiles/cmTC_5fdb5.dir/link.txt --verbose=1
/opt/rh/devtoolset-11/root/usr/bin/cc      -rdynamic CMakeFiles/cmTC_5fdb5.dir/CheckIncludeFile.c.o  -o cmTC_5fdb5 
gmake[1]: Leaving directory '/home-local/student/SpaceShooter/CMakeFiles/CMakeTmp'



Determining if the include file stddef.h exists passed with the following output:
Change Dir: /home-local/student/SpaceShooter/CMakeFiles/CMakeTmp

Run Build Command(s):/opt/rh/devtoolset-11/root/usr/bin/gmake cmTC_eb8c0/fast && /opt/rh/devtoolset-11/root/usr/bin/gmake  -f CMakeFiles/cmTC_eb8c0.dir/build.make CMakeFiles/cmTC_eb8c0.dir/build
gmake[1]: Entering directory '/home-local/student/SpaceShooter/CMakeFiles/CMakeTmp'
Building C object CMakeFiles/cmTC_eb8c0.dir/CheckIncludeFile.c.o
/opt/rh/devtoolset-11/root/usr/bin/cc    -o CMakeFiles/cmTC_eb8c0.dir/CheckIncludeFile.c.o   -c /home-local/student/SpaceShooter/CMakeFiles/CMakeTmp/CheckIncludeFile.c
Linking C executable cmTC_eb8c0
/usr/bin/cmake3 -E cmake_link_script CMakeFiles/cmTC_eb8c0.dir/link.txt --verbose=1
/opt/rh/devtoolset-11/root/usr/bin/cc      -rdynamic CMakeFiles/cmTC_eb8c0.dir/CheckIncludeFile.c.o  -o cmTC_eb8c0 
gmake[1]: Leaving directory '/home-local/student/SpaceShooter/CMakeFiles/CMakeTmp'



Determining size of off64_t passed with the following output:
Change Dir: /home-local/student/SpaceShooter/CMakeFiles/CMakeTmp

Run Build Command(s):/opt/rh/devtoolset-11/root/usr/bin/gmake cmTC_7b434/fast && /opt/rh/devtoolset-11/root/usr/bin/gmake  -f CMakeFiles/cmTC_7b434.dir/build.make CMakeFiles/cmTC_7b434.dir/build
gmake[1]: Entering directory '/home-local/student/SpaceShooter/CMakeFiles/CMakeTmp'
Building C object CMakeFiles/cmTC_7b434.dir/OFF64_T.c.o
/opt/rh/devtoolset-11/root/usr/bin/cc -DHAVE_STDDEF_H -DHAVE_STDINT_H -DHAVE_SYS_TYPES_H -D_LARGEFILE64_SOURCE=1   -o CMakeFiles/cmTC_7b434.dir/OFF64_T.c.o   -c /home-local/student/SpaceShooter/CMakeFiles/CheckTypeSize/OFF64_T.c
Linking C executable cmTC_7b434
/usr/bin/cmake3 -E cmake_link_script CMakeFiles/cmTC_7b434.dir/link.txt --verbose=1
/opt/rh/devtoolset-11/root/usr/bin/cc      -rdynamic CMakeFiles/cmTC_7b434.dir/OFF64_T.c.o  -o cmTC_7b434 
gmake[1]: Leaving directory '/home-local/student/SpaceShooter/CMakeFiles/CMakeTmp'



Determining if the function fseeko exists passed with the following output:
Change Dir: /home-local/student/SpaceShooter/CMakeFiles/CMakeTmp

Run Build Command(s):/opt/rh/devtoolset-11/root/usr/bin/gmake cmTC_74336/fast && /opt/rh/devtoolset-11/root/usr/bin/gmake  -f CMakeFiles/cmTC_74336.dir/build.make CMakeFiles/cmTC_74336.dir/build
gmake[1]: Entering directory '/home-local/student/SpaceShooter/CMakeFiles/CMakeTmp'
Building C object CMakeFiles/cmTC_74336.dir/CheckFunctionExists.c.o
/opt/rh/devtoolset-11/root/usr/bin/cc   -DCHECK_FUNCTION_EXISTS=fseeko   -o CMakeFiles/cmTC_74336.dir/CheckFunctionExists.c.o   -c /usr/share/cmake3/Modules/CheckFunctionExists.c
Linking C executable cmTC_74336
/usr/bin/cmake3 -E cmake_link_script CMakeFiles/cmTC_74336.dir/link.txt --verbose=1
/opt/rh/devtoolset-11/root/usr/bin/cc  -DCHECK_FUNCTION_EXISTS=fseeko    -rdynamic CMakeFiles/cmTC_74336.dir/CheckFunctionExists.c.o  -o cmTC_74336 
gmake[1]: Leaving directory '/home-local/student/SpaceShooter/CMakeFiles/CMakeTmp'



Determining if the include file unistd.h exists passed with the following output:
Change Dir: /home-local/student/SpaceShooter/CMakeFiles/CMakeTmp

Run Build Command(s):/opt/rh/devtoolset-11/root/usr/bin/gmake cmTC_0178b/fast && /opt/rh/devtoolset-11/root/usr/bin/gmake  -f CMakeFiles/cmTC_0178b.dir/build.make CMakeFiles/cmTC_0178b.dir/build
gmake[1]: Entering directory '/home-local/student/SpaceShooter/CMakeFiles/CMakeTmp'
Building C object CMakeFiles/cmTC_0178b.dir/CheckIncludeFile.c.o
/opt/rh/devtoolset-11/root/usr/bin/cc    -o CMakeFiles/cmTC_0178b.dir/CheckIncludeFile.c.o   -c /home-local/student/SpaceShooter/CMakeFiles/CMakeTmp/CheckIncludeFile.c
Linking C executable cmTC_0178b
/usr/bin/cmake3 -E cmake_link_script CMakeFiles/cmTC_0178b.dir/link.txt --verbose=1
/opt/rh/devtoolset-11/root/usr/bin/cc      -rdynamic CMakeFiles/cmTC_0178b.dir/CheckIncludeFile.c.o  -o cmTC_0178b 
gmake[1]: Leaving directory '/home-local/student/SpaceShooter/CMakeFiles/CMakeTmp'



