Performing C SOURCE FILE Test CMAKE_HAVE_LIBC_PTHREAD failed with the following output:
Change Dir: /home-local/student/SpaceShooter/CMakeFiles/CMakeTmp

Run Build Command(s):/opt/rh/devtoolset-11/root/usr/bin/gmake cmTC_32e99/fast && /opt/rh/devtoolset-11/root/usr/bin/gmake  -f CMakeFiles/cmTC_32e99.dir/build.make CMakeFiles/cmTC_32e99.dir/build
gmake[1]: Entering directory '/home-local/student/SpaceShooter/CMakeFiles/CMakeTmp'
Building C object CMakeFiles/cmTC_32e99.dir/src.c.o
/opt/rh/devtoolset-11/root/usr/bin/cc   -DCMAKE_HAVE_LIBC_PTHREAD   -o CMakeFiles/cmTC_32e99.dir/src.c.o   -c /home-local/student/SpaceShooter/CMakeFiles/CMakeTmp/src.c
Linking C executable cmTC_32e99
/usr/bin/cmake3 -E cmake_link_script CMakeFiles/cmTC_32e99.dir/link.txt --verbose=1
/opt/rh/devtoolset-11/root/usr/bin/cc  -DCMAKE_HAVE_LIBC_PTHREAD    -rdynamic CMakeFiles/cmTC_32e99.dir/src.c.o  -o cmTC_32e99 
/opt/rh/devtoolset-11/root/usr/libexec/gcc/x86_64-redhat-linux/11/ld: CMakeFiles/cmTC_32e99.dir/src.c.o: in function `main':
src.c:(.text+0x2d): undefined reference to `pthread_create'
/opt/rh/devtoolset-11/root/usr/libexec/gcc/x86_64-redhat-linux/11/ld: src.c:(.text+0x39): undefined reference to `pthread_detach'
/opt/rh/devtoolset-11/root/usr/libexec/gcc/x86_64-redhat-linux/11/ld: src.c:(.text+0x45): undefined reference to `pthread_cancel'
/opt/rh/devtoolset-11/root/usr/libexec/gcc/x86_64-redhat-linux/11/ld: src.c:(.text+0x56): undefined reference to `pthread_join'
/opt/rh/devtoolset-11/root/usr/libexec/gcc/x86_64-redhat-linux/11/ld: src.c:(.text+0x6a): undefined reference to `pthread_atfork'
collect2: error: ld returned 1 exit status
gmake[1]: *** [CMakeFiles/cmTC_32e99.dir/build.make:107: cmTC_32e99] Error 1
gmake[1]: Leaving directory '/home-local/student/SpaceShooter/CMakeFiles/CMakeTmp'
gmake: *** [Makefile:141: cmTC_32e99/fast] Error 2


Source file was:
#include <pthread.h>

void* test_func(void* data)
{
  return data;
}

int main(void)
{
  pthread_t thread;
  pthread_create(&thread, NULL, test_func, NULL);
  pthread_detach(thread);
  pthread_cancel(thread);
  pthread_join(thread, NULL);
  pthread_atfork(NULL, NULL, NULL);
  pthread_exit(NULL);

  return 0;
}

Determining if the function pthread_create exists in the pthreads failed with the following output:
Change Dir: /home-local/student/SpaceShooter/CMakeFiles/CMakeTmp

Run Build Command(s):/opt/rh/devtoolset-11/root/usr/bin/gmake cmTC_bcd2b/fast && /opt/rh/devtoolset-11/root/usr/bin/gmake  -f CMakeFiles/cmTC_bcd2b.dir/build.make CMakeFiles/cmTC_bcd2b.dir/build
gmake[1]: Entering directory '/home-local/student/SpaceShooter/CMakeFiles/CMakeTmp'
Building C object CMakeFiles/cmTC_bcd2b.dir/CheckFunctionExists.c.o
/opt/rh/devtoolset-11/root/usr/bin/cc   -DCHECK_FUNCTION_EXISTS=pthread_create   -o CMakeFiles/cmTC_bcd2b.dir/CheckFunctionExists.c.o   -c /usr/share/cmake3/Modules/CheckFunctionExists.c
Linking C executable cmTC_bcd2b
/usr/bin/cmake3 -E cmake_link_script CMakeFiles/cmTC_bcd2b.dir/link.txt --verbose=1
/opt/rh/devtoolset-11/root/usr/bin/cc  -DCHECK_FUNCTION_EXISTS=pthread_create    -rdynamic CMakeFiles/cmTC_bcd2b.dir/CheckFunctionExists.c.o  -o cmTC_bcd2b  -lpthreads 
/opt/rh/devtoolset-11/root/usr/libexec/gcc/x86_64-redhat-linux/11/ld: cannot find -lpthreads
collect2: error: ld returned 1 exit status
gmake[1]: *** [CMakeFiles/cmTC_bcd2b.dir/build.make:107: cmTC_bcd2b] Error 1
gmake[1]: Leaving directory '/home-local/student/SpaceShooter/CMakeFiles/CMakeTmp'
gmake: *** [Makefile:141: cmTC_bcd2b/fast] Error 2



