The system is: Windows - 10.0.22000 - AMD64
Compiling the C compiler identification source file "CMakeCCompilerId.c" succeeded.
Compiler: C:/Program Files/Microsoft Visual Studio/2022/Enterprise/VC/Tools/MSVC/14.33.31629/bin/Hostx64/x64/cl.exe 
Build flags: 
Id flags:  

The output was:
0
Microsoft (R) C/C++ Optimizing Compiler Version 19.33.31630 for x64
Copyright (C) Microsoft Corporation.  All rights reserved.

CMakeCCompilerId.c
Microsoft (R) Incremental Linker Version 14.33.31630.0
Copyright (C) Microsoft Corporation.  All rights reserved.

/out:CMakeCCompilerId.exe 
CMakeCCompilerId.obj 


Compilation of the C compiler identification source "CMakeCCompilerId.c" produced "CMakeCCompilerId.exe"

Compilation of the C compiler identification source "CMakeCCompilerId.c" produced "CMakeCCompilerId.obj"

The C compiler identification is MSVC, found in "C:/Users/egrvr/Documents/proga/space_shooter/SpaceShooter/build/CMakeFiles/3.23.22060601-MSVC_2/CompilerIdC/CMakeCCompilerId.exe"

Compiling the CXX compiler identification source file "CMakeCXXCompilerId.cpp" succeeded.
Compiler: C:/Program Files/Microsoft Visual Studio/2022/Enterprise/VC/Tools/MSVC/14.33.31629/bin/Hostx64/x64/cl.exe 
Build flags: 
Id flags:  

The output was:
0
Microsoft (R) C/C++ Optimizing Compiler Version 19.33.31630 for x64
Copyright (C) Microsoft Corporation.  All rights reserved.

CMakeCXXCompilerId.cpp
Microsoft (R) Incremental Linker Version 14.33.31630.0
Copyright (C) Microsoft Corporation.  All rights reserved.

/out:CMakeCXXCompilerId.exe 
CMakeCXXCompilerId.obj 


Compilation of the CXX compiler identification source "CMakeCXXCompilerId.cpp" produced "CMakeCXXCompilerId.exe"

Compilation of the CXX compiler identification source "CMakeCXXCompilerId.cpp" produced "CMakeCXXCompilerId.obj"

The CXX compiler identification is MSVC, found in "C:/Users/egrvr/Documents/proga/space_shooter/SpaceShooter/build/CMakeFiles/3.23.22060601-MSVC_2/CompilerIdCXX/CMakeCXXCompilerId.exe"

Detecting C compiler ABI info compiled with the following output:
Change Dir: C:/Users/egrvr/Documents/proga/space_shooter/SpaceShooter/build/CMakeFiles/CMakeTmp

Run Build Command(s):C:/PROGRA~1/MICROS~4/2022/ENTERP~1/Common7/IDE/COMMON~1/MICROS~1/CMake/Ninja/ninja.exe cmTC_f3444 && [1/2] Building C object CMakeFiles\cmTC_f3444.dir\CMakeCCompilerABI.c.obj
[2/2] Linking C executable cmTC_f3444.exe



Detecting CXX compiler ABI info compiled with the following output:
Change Dir: C:/Users/egrvr/Documents/proga/space_shooter/SpaceShooter/build/CMakeFiles/CMakeTmp

Run Build Command(s):C:/PROGRA~1/MICROS~4/2022/ENTERP~1/Common7/IDE/COMMON~1/MICROS~1/CMake/Ninja/ninja.exe cmTC_0686b && [1/2] Building CXX object CMakeFiles\cmTC_0686b.dir\CMakeCXXCompilerABI.cpp.obj
[2/2] Linking CXX executable cmTC_0686b.exe



Determining if the include file sys/types.h exists passed with the following output:
Change Dir: C:/Users/egrvr/Documents/proga/space_shooter/SpaceShooter/build/CMakeFiles/CMakeTmp

Run Build Command(s):C:/PROGRA~1/MICROS~4/2022/ENTERP~1/Common7/IDE/COMMON~1/MICROS~1/CMake/Ninja/ninja.exe cmTC_dabbc && [1/2] Building C object CMakeFiles\cmTC_dabbc.dir\CheckIncludeFile.c.obj
[2/2] Linking C executable cmTC_dabbc.exe



Determining if the include file stdint.h exists passed with the following output:
Change Dir: C:/Users/egrvr/Documents/proga/space_shooter/SpaceShooter/build/CMakeFiles/CMakeTmp

Run Build Command(s):C:/PROGRA~1/MICROS~4/2022/ENTERP~1/Common7/IDE/COMMON~1/MICROS~1/CMake/Ninja/ninja.exe cmTC_fddc8 && [1/2] Building C object CMakeFiles\cmTC_fddc8.dir\CheckIncludeFile.c.obj
[2/2] Linking C executable cmTC_fddc8.exe



Determining if the include file stddef.h exists passed with the following output:
Change Dir: C:/Users/egrvr/Documents/proga/space_shooter/SpaceShooter/build/CMakeFiles/CMakeTmp

Run Build Command(s):C:/PROGRA~1/MICROS~4/2022/ENTERP~1/Common7/IDE/COMMON~1/MICROS~1/CMake/Ninja/ninja.exe cmTC_e056a && [1/2] Building C object CMakeFiles\cmTC_e056a.dir\CheckIncludeFile.c.obj
[2/2] Linking C executable cmTC_e056a.exe



